2023-01-25 20:53:58,375 [INFO] Activator:179 - 


2023-01-25 20:53:58,378 [INFO] Activator:180 - !SESSION log4j initialized
2023-01-25 20:54:39,340 [ERROR] LogOutputStream:74 - [STDERR_REDIRECT] SLF4J: Failed to load class "org.slf4j.impl.StaticLoggerBinder".
2023-01-25 20:54:39,343 [ERROR] LogOutputStream:74 - [STDERR_REDIRECT] SLF4J: Defaulting to no-operation (NOP) logger implementation
2023-01-25 20:54:39,345 [ERROR] LogOutputStream:74 - [STDERR_REDIRECT] SLF4J: See http://www.slf4j.org/codes.html#StaticLoggerBinder for further details.
2023-01-25 21:11:55,213 [INFO] LogOutputStream:76 - [STDOUT_REDIRECT] StartTraceHandler.execute(), success : Collect=true
2023-01-25 21:50:03,970 [INFO] LogOutputStream:76 - [STDOUT_REDIRECT] StartTraceHandler.execute(), success : Collect=true
2023-01-27 20:01:18,711 [INFO] Activator:179 - 


2023-01-27 20:01:18,736 [INFO] Activator:180 - !SESSION log4j initialized
2023-01-27 20:02:48,119 [ERROR] LogOutputStream:74 - [STDERR_REDIRECT] SLF4J: Failed to load class "org.slf4j.impl.StaticLoggerBinder".
2023-01-27 20:02:48,121 [ERROR] LogOutputStream:74 - [STDERR_REDIRECT] SLF4J: Defaulting to no-operation (NOP) logger implementation
2023-01-27 20:02:48,125 [ERROR] LogOutputStream:74 - [STDERR_REDIRECT] SLF4J: See http://www.slf4j.org/codes.html#StaticLoggerBinder for further details.
2023-01-30 20:06:11,239 [INFO] Activator:179 - 


2023-01-30 20:06:11,257 [INFO] Activator:180 - !SESSION log4j initialized
2023-01-30 20:06:55,845 [ERROR] LogOutputStream:74 - [STDERR_REDIRECT] SLF4J: Failed to load class "org.slf4j.impl.StaticLoggerBinder".
2023-01-30 20:06:55,847 [ERROR] LogOutputStream:74 - [STDERR_REDIRECT] SLF4J: Defaulting to no-operation (NOP) logger implementation
2023-01-30 20:06:55,850 [ERROR] LogOutputStream:74 - [STDERR_REDIRECT] SLF4J: See http://www.slf4j.org/codes.html#StaticLoggerBinder for further details.
2023-01-30 21:50:52,096 [INFO] LogOutputStream:76 - [STDOUT_REDIRECT] StartTraceHandler.execute(), success : Collect=true
2023-02-01 20:32:51,632 [INFO] Activator:179 - 


2023-02-01 20:32:51,666 [INFO] Activator:180 - !SESSION log4j initialized
2023-02-01 20:33:47,506 [ERROR] LogOutputStream:74 - [STDERR_REDIRECT] SLF4J: Failed to load class "org.slf4j.impl.StaticLoggerBinder".
2023-02-01 20:33:47,508 [ERROR] LogOutputStream:74 - [STDERR_REDIRECT] SLF4J: Defaulting to no-operation (NOP) logger implementation
2023-02-01 20:33:47,511 [ERROR] LogOutputStream:74 - [STDERR_REDIRECT] SLF4J: See http://www.slf4j.org/codes.html#StaticLoggerBinder for further details.
