21:23:52 **** Build of configuration Debug for project SysTick_Polling ****
make -j8 all 
arm-none-eabi-gcc -mcpu=cortex-m4 -g3 -DDEBUG -c -x assembler-with-cpp -MMD -MP -MF"Core/Startup/startup_stm32f407vgtx.d" -MT"Core/Startup/startup_stm32f407vgtx.o" --specs=nano.specs -mfpu=fpv4-sp-d16 -mfloat-abi=hard -mthumb -o "Core/Startup/startup_stm32f407vgtx.o" "../Core/Startup/startup_stm32f407vgtx.s"
arm-none-eabi-gcc "../Core/Src/main.c" -mcpu=cortex-m4 -std=gnu11 -g3 -DSTM32F407xx -DDEBUG -DSTM32 -DSTM32F4 -DSTM32F407VGTx -c -I"D:/TRABAJO/UMAKER/CURSOS/ARM - NUCLEO/STM32-Enero2023/SysTick_Polling/Core/Inc" -I"D:/TRABAJO/UMAKER/CURSOS/ARM - NUCLEO/STM32-Enero2023/SysTick_Polling/Drivers/CMSIS/Device/ST/STM32F4xx/Include" -I"D:/TRABAJO/UMAKER/CURSOS/ARM - NUCLEO/STM32-Enero2023/SysTick_Polling/Drivers/CMSIS/Include" -O0 -ffunction-sections -fdata-sections -Wall -fstack-usage -MMD -MP -MF"Core/Src/main.d" -MT"Core/Src/main.o" --specs=nano.specs -mfpu=fpv4-sp-d16 -mfloat-abi=hard -mthumb -o "Core/Src/main.o"
arm-none-eabi-gcc "../Core/Src/syscalls.c" -mcpu=cortex-m4 -std=gnu11 -g3 -DSTM32F407xx -DDEBUG -DSTM32 -DSTM32F4 -DSTM32F407VGTx -c -I"D:/TRABAJO/UMAKER/CURSOS/ARM - NUCLEO/STM32-Enero2023/SysTick_Polling/Core/Inc" -I"D:/TRABAJO/UMAKER/CURSOS/ARM - NUCLEO/STM32-Enero2023/SysTick_Polling/Drivers/CMSIS/Device/ST/STM32F4xx/Include" -I"D:/TRABAJO/UMAKER/CURSOS/ARM - NUCLEO/STM32-Enero2023/SysTick_Polling/Drivers/CMSIS/Include" -O0 -ffunction-sections -fdata-sections -Wall -fstack-usage -MMD -MP -MF"Core/Src/syscalls.d" -MT"Core/Src/syscalls.o" --specs=nano.specs -mfpu=fpv4-sp-d16 -mfloat-abi=hard -mthumb -o "Core/Src/syscalls.o"
arm-none-eabi-gcc "../Core/Src/sysmem.c" -mcpu=cortex-m4 -std=gnu11 -g3 -DSTM32F407xx -DDEBUG -DSTM32 -DSTM32F4 -DSTM32F407VGTx -c -I"D:/TRABAJO/UMAKER/CURSOS/ARM - NUCLEO/STM32-Enero2023/SysTick_Polling/Core/Inc" -I"D:/TRABAJO/UMAKER/CURSOS/ARM - NUCLEO/STM32-Enero2023/SysTick_Polling/Drivers/CMSIS/Device/ST/STM32F4xx/Include" -I"D:/TRABAJO/UMAKER/CURSOS/ARM - NUCLEO/STM32-Enero2023/SysTick_Polling/Drivers/CMSIS/Include" -O0 -ffunction-sections -fdata-sections -Wall -fstack-usage -MMD -MP -MF"Core/Src/sysmem.d" -MT"Core/Src/sysmem.o" --specs=nano.specs -mfpu=fpv4-sp-d16 -mfloat-abi=hard -mthumb -o "Core/Src/sysmem.o"
arm-none-eabi-gcc "../Core/Src/system_stm32f4xx.c" -mcpu=cortex-m4 -std=gnu11 -g3 -DSTM32F407xx -DDEBUG -DSTM32 -DSTM32F4 -DSTM32F407VGTx -c -I"D:/TRABAJO/UMAKER/CURSOS/ARM - NUCLEO/STM32-Enero2023/SysTick_Polling/Core/Inc" -I"D:/TRABAJO/UMAKER/CURSOS/ARM - NUCLEO/STM32-Enero2023/SysTick_Polling/Drivers/CMSIS/Device/ST/STM32F4xx/Include" -I"D:/TRABAJO/UMAKER/CURSOS/ARM - NUCLEO/STM32-Enero2023/SysTick_Polling/Drivers/CMSIS/Include" -O0 -ffunction-sections -fdata-sections -Wall -fstack-usage -MMD -MP -MF"Core/Src/system_stm32f4xx.d" -MT"Core/Src/system_stm32f4xx.o" --specs=nano.specs -mfpu=fpv4-sp-d16 -mfloat-abi=hard -mthumb -o "Core/Src/system_stm32f4xx.o"
arm-none-eabi-gcc -o "SysTick_Polling.elf" @"objects.list"   -mcpu=cortex-m4 -T"D:\TRABAJO\UMAKER\CURSOS\ARM - NUCLEO\STM32-Enero2023\SysTick_Polling\STM32F407VGTX_FLASH.ld" --specs=nosys.specs -Wl,-Map="SysTick_Polling.map" -Wl,--gc-sections -static --specs=nano.specs -mfpu=fpv4-sp-d16 -mfloat-abi=hard -mthumb -Wl,--start-group -lc -lm -Wl,--end-group
Finished building target: SysTick_Polling.elf
 
arm-none-eabi-size   SysTick_Polling.elf 
arm-none-eabi-objdump -h -S  SysTick_Polling.elf  > "SysTick_Polling.list"
   text	   data	    bss	    dec	    hex	filename
   6488	    112	   1584	   8184	   1ff8	SysTick_Polling.elf
Finished building: default.size.stdout
 
Finished building: SysTick_Polling.list
 
21:25:43 **** Incremental Build of configuration Debug for project SysTick_Polling ****
make -j8 all 
arm-none-eabi-size   SysTick_Polling.elf 
   text	   data	    bss	    dec	    hex	filename
   6488	    112	   1584	   8184	   1ff8	SysTick_Polling.elf
Finished building: default.size.stdout
 
